1543529646359	mozrunner::runner	INFO	Running command: "C:\\Program Files\\Mozilla Firefox\\firefox.exe" "-marionette" "-foreground" "-no-remote" "-profile" "C:\\Users\\Manoj\\AppData\\Local\\Temp\\rust_mozprofile.U26latXuP9ZT"
[GFX1-]: Failed to connect GPU process
[GFX1-]: [D3D11] failed to get compositor device.
[GFX1-]: [D3D11] Failed to init compositor with reason: FEATURE_FAILURE_D3D11_NO_DEVICE
[GFX1-]: [D3D11] failed to get compositor device.
[GFX1-]: [D3D11] Failed to init compositor with reason: FEATURE_FAILURE_D3D11_NO_DEVICE
[GFX1-]: [D3D11] failed to get compositor device.
[GFX1-]: [D3D11] Failed to init compositor with reason: FEATURE_FAILURE_D3D11_NO_DEVICE
[GFX1-]: Could not get a DX
###!!! [Parent][RunMessage] Error: Channel error: cannot send/recv


###!!! [Parent][RunMessage] Error: Channel error: cannot send/recv


###!!! [Parent][RunMessage] Error: Channel error: cannot send/recv


###!!! [Parent][RunMessage] Error: Channel error: cannot send/recv


###!!! [Parent][RunMessage] Error: Channel error: cannot send/recv


###!!! [Parent][RunMessage] Error: Channel error: cannot send/recv


###!!! [Parent][RunMessage] Error: Channel error: cannot send/recv


###!!! [Parent][RunMessage] Error: Channel error: cannot send/recv


###!!! [Parent][RunMessage] Error: Channel error: cannot send/recv


###!!! [Parent][RunMessage] Error: Channel error: cannot send/recv


###!!! [Parent][RunMessage] Error: Channel error: cannot send/recv


###!!! [Parent][RunMessage] Error: Channel error: cannot send/recv


###!!! [Parent][RunMessage] Error: Channel error: cannot send/recv


###!!! [Parent][RunMessage] Error: Channel error: cannot send/recv


###!!! [Parent][RunMessage] Error: Channel error: cannot send/recv


###!!! [Parent][RunMessage] Error: Channel error: cannot send/recv


###!!! [Parent][RunMessage] Error: Channel error: cannot send/recv


###!!! [Parent][RunMessage] Error: Channel error: cannot1543530079027	Marionette	INFO	Stopped listening on port 60903
e/SessionStore.jsm, line 1636: TypeError: subject.QueryInterface is not a function
A content process crashed and MOZ_CRASHREPORTER_SHUTDOWN is set, shutting down

###!!! [Parent][MessageChannel] Error: (msgtype=0x300067,name=PContent::Msg_SuspendInputEventQueue) Channel error: cannot send/recv


###!!! [Parent][MessageChannel] Error: (msgtype=0x300065,name=PContent::Msg_FlushInputEventQueue) Channel error: cannot send/recv


###!!! [Parent][MessageChannel] Error: (msgtype=0x300066,name=PContent::Msg_ResumeInputEventQueue) Channel error: cannot send/recv


###!!! [Parent][MessageChannel] Error: (msgtype=0x300045,name=PContent::Msg_Shutdown) Channel error: cannot send/recv

A content process crashed and MOZ_CRASHREPORTER_SHUTDOWN is set, shutting down
JavaScript error: resource:///modules/sessionstore/SessionSaver.jsm, line 180: NS_ERROR_FAILURE: Component returned failure code: 0x80004005 (NS_ERROR_FAILURE) [nsIAppShellService.hiddenDOMWindow]
[Parent 6632, Gecko_IOThread] WARNING: pipe error: 109: file z:/build/build/src/ipc/chromium/src/chrome/common/ipc_channel_win.cc, line 346
[Parent 6632, Gecko_IOThread] WARNING: file z:/build/build/src/ipc/chromium/src/base/process_util_win.cc, line 188
1543530084390	Marionette	INFO	Stopped listening on port 60034

###!!! [Child][MessageChannel::SendAndWait] Error: Channel error: cannot send/recv

ja!/components/nsBrowserGlue.js:BG__migrateUI:2128","jar:file:///C:/Program%20Files/Mozilla%20Firefox/browser/omni.ja!/components/nsBrowserGlue.js:BG__beforeUIStartup:1029","jar:file:///C:/Program%20Files/Mozilla%20Firefox/browser/omni.ja!/components/nsBrowserGlue.js:BG_observe:731"]}] Barrier: profile-before-change
1543530029897	Marionette	INFO	Stopped listening on port 62061
